<?xml version="1.0" encoding="UTF-8"?>
<!-- Generated by org.testng.reporters.JUnitReportReporter -->
<testsuite hostname="DESKTOP-GPB8NU3" failures="0" tests="1" name="testCases.FileUploadDemo2" time="104.808" errors="0" timestamp="23 mars 2021 22:21:29 GMT" skipped="0">
  <testcase classname="testCases.FileUploadDemo2" name="robotTest" time="104.808"/>
</testsuite> <!-- testCases.FileUploadDemo2 -->
